2025-04-10T12:58:48:INFO: { "OS": "Windows", "video_adapter_driver_info": ["NVIDIA", "32.0.15.7216"], "screen_size": (2560, 1080), "screen_dpi": 96, "screen_scale": 1, "cores": 12, "locale": "pt_PT" }
2025-04-10T12:58:48:INFO: [step_commands: 0]
Godot Engine v4.3.stable.official (c) 2007-present Juan Linietsky, Ariel Manzur & Godot Contributors.
--- Debug adapter server started on port 6006 ---
--- GDScript language server started on port 6005 ---
  res://tours/godot-first-tour/godot_first_tour.gd:5 - Parse Error: Preload file "res://assets/bubble-background.png" does not exist.
  res://tours/godot-first-tour/godot_first_tour.gd:5 - Parse Error: Cannot infer the type of "TEXTURE_BUBBLE_BACKGROUND" constant because the value doesn't have a set type.
  res://tours/godot-first-tour/godot_first_tour.gd:6 - Parse Error: Preload file "res://assets/gdquest-logo.svg" does not exist.
  res://tours/godot-first-tour/godot_first_tour.gd:6 - Parse Error: Cannot infer the type of "TEXTURE_GDQUEST_LOGO" constant because the value doesn't have a set type.
  modules/gdscript/gdscript.cpp:2936 - Failed to load script "res://tours/godot-first-tour/godot_first_tour.gd" with error "Parse error". (User)
  editor/filesystem_dock.cpp:2707 - Condition "!FileAccess::exists(p_path)" is true. Returning: nullptr
  Resource file not found: res://icon.png (expected type: )
  scene/gui/control.cpp:1448 - Nodes with non-equal opposite anchors will have their size overridden after _ready(). 
  If you want to set size, change the anchors or consider using set_deferred().
  Resource file not found: res://icon.png (expected type: )

2025-04-10T12:58:52:INFO: [step_commands: 1]
Godot Engine v4.3.stable.official (c) 2007-present Juan Linietsky, Ariel Manzur & Godot Contributors.
--- Debug adapter server started on port 6006 ---
--- GDScript language server started on port 6005 ---
  res://tours/godot-first-tour/godot_first_tour.gd:5 - Parse Error: Preload file "res://assets/bubble-background.png" does not exist.
  res://tours/godot-first-tour/godot_first_tour.gd:5 - Parse Error: Cannot infer the type of "TEXTURE_BUBBLE_BACKGROUND" constant because the value doesn't have a set type.
  res://tours/godot-first-tour/godot_first_tour.gd:6 - Parse Error: Preload file "res://assets/gdquest-logo.svg" does not exist.
  res://tours/godot-first-tour/godot_first_tour.gd:6 - Parse Error: Cannot infer the type of "TEXTURE_GDQUEST_LOGO" constant because the value doesn't have a set type.
  modules/gdscript/gdscript.cpp:2936 - Failed to load script "res://tours/godot-first-tour/godot_first_tour.gd" with error "Parse error". (User)
  editor/filesystem_dock.cpp:2707 - Condition "!FileAccess::exists(p_path)" is true. Returning: nullptr
  Resource file not found: res://icon.png (expected type: )
  scene/gui/control.cpp:1448 - Nodes with non-equal opposite anchors will have their size overridden after _ready(). 
  If you want to set size, change the anchors or consider using set_deferred().
  Resource file not found: res://icon.png (expected type: )
  scene/gui/control.cpp:1448 - Nodes with non-equal opposite anchors will have their size overridden after _ready(). 
  If you want to set size, change the anchors or consider using set_deferred().

2025-04-10T12:58:55:INFO: [step_commands: 2]
Godot Engine v4.3.stable.official (c) 2007-present Juan Linietsky, Ariel Manzur & Godot Contributors.
--- Debug adapter server started on port 6006 ---
--- GDScript language server started on port 6005 ---
  res://tours/godot-first-tour/godot_first_tour.gd:5 - Parse Error: Preload file "res://assets/bubble-background.png" does not exist.
  res://tours/godot-first-tour/godot_first_tour.gd:5 - Parse Error: Cannot infer the type of "TEXTURE_BUBBLE_BACKGROUND" constant because the value doesn't have a set type.
  res://tours/godot-first-tour/godot_first_tour.gd:6 - Parse Error: Preload file "res://assets/gdquest-logo.svg" does not exist.
  res://tours/godot-first-tour/godot_first_tour.gd:6 - Parse Error: Cannot infer the type of "TEXTURE_GDQUEST_LOGO" constant because the value doesn't have a set type.
  modules/gdscript/gdscript.cpp:2936 - Failed to load script "res://tours/godot-first-tour/godot_first_tour.gd" with error "Parse error". (User)
  editor/filesystem_dock.cpp:2707 - Condition "!FileAccess::exists(p_path)" is true. Returning: nullptr
  Resource file not found: res://icon.png (expected type: )
  scene/gui/control.cpp:1448 - Nodes with non-equal opposite anchors will have their size overridden after _ready(). 
  If you want to set size, change the anchors or consider using set_deferred().
  Resource file not found: res://icon.png (expected type: )
  scene/gui/control.cpp:1448 - Nodes with non-equal opposite anchors will have their size overridden after _ready(). 
  If you want to set size, change the anchors or consider using set_deferred().
  scene/gui/control.cpp:1448 - Nodes with non-equal opposite anchors will have their size overridden after _ready(). 
  If you want to set size, change the anchors or consider using set_deferred().

